# JRE version: Java(TM) SE Runtime Environment (8.0_191-b12) (build 1.8.0_191-b12)
# Java VM: Java HotSpot(TM) Client VM (25.191-b12 mixed mode windows-x86 )
Heap:
 def new generation   total 52096K, used 21525K [0x05000000, 0x08880000, 0x0faa0000)
  eden space 46336K,  41% used [0x05000000, 0x062fe2b0, 0x07d40000)
  from space 5760K,  36% used [0x082e0000, 0x084e71d8, 0x08880000)
  to   space 5760K,   0% used [0x07d40000, 0x07d40000, 0x082e0000)
 tenured generation   total 115660K, used 87377K [0x0faa0000, 0x16b93000, 0x25000000)
   the space 115660K,  75% used [0x0faa0000, 0x14ff4620, 0x14ff4800, 0x16b93000)
 Metaspace       used 25184K, capacity 25759K, committed 25856K, reserved 25984K
GC Heap History (10 events):
Event: 1097.731 GC heap before
{Heap before GC invocations=11 (full 2):
 def new generation   total 52096K, used 50235K [0x05000000, 0x08880000, 0x0faa0000)
  eden space 46336K, 100% used [0x05000000, 0x07d40000, 0x07d40000)
  from space 5760K,  67% used [0x07d40000, 0x0810efb0, 0x082e0000)
  to   space 5760K,   0% used [0x082e0000, 0x082e0000, 0x08880000)
 tenured generation   total 115660K, used 82627K [0x0faa0000, 0x16b93000, 0x25000000)
   the space 115660K,  71% used [0x0faa0000, 0x14b50c10, 0x14b50e00, 0x16b93000)
 Metaspace       used 25182K, capacity 25757K, committed 25856K, reserved 25984K
Event: 1097.741 GC heap after
Heap after GC invocations=12 (full 2):
 def new generation   total 52096K, used 1704K [0x05000000, 0x08880000, 0x0faa0000)
  eden space 46336K,   0% used [0x05000000, 0x05000000, 0x07d40000)
  from space 5760K,  29% used [0x082e0000, 0x0848a1d8, 0x08880000)
  to   space 5760K,   0% used [0x07d40000, 0x07d40000, 0x082e0000)
 tenured generation   total 115660K, used 86069K [0x0faa0000, 0x16b93000, 0x25000000)
   the space 115660K,  74% used [0x0faa0000, 0x14ead458, 0x14ead600, 0x16b93000)
 Metaspace       used 25182K, capacity 25757K, committed 25856K, reserved 25984K
}
Event: 2147.520 GC heap before
{Heap before GC invocations=12 (full 2):
 def new generation   total 52096K, used 48040K [0x05000000, 0x08880000, 0x0faa0000)
  eden space 46336K, 100% used [0x05000000, 0x07d40000, 0x07d40000)
  from space 5760K,  29% used [0x082e0000, 0x0848a1d8, 0x08880000)
  to   space 5760K,   0% used [0x07d40000, 0x07d40000, 0x082e0000)
 tenured generation   total 115660K, used 86069K [0x0faa0000, 0x16b93000, 0x25000000)
   the space 115660K,  74% used [0x0faa0000, 0x14ead458, 0x14ead600, 0x16b93000)
 Metaspace       used 25182K, capacity 25757K, committed 25856K, reserved 25984K
Event: 2147.525 GC heap after
Heap after GC invocations=13 (full 2):
 def new generation   total 52096K, used 2282K [0x05000000, 0x08880000, 0x0faa0000)
  eden space 46336K,   0% used [0x05000000, 0x05000000, 0x07d40000)
  from space 5760K,  39% used [0x07d40000, 0x07f7aad0, 0x082e0000)
  to   space 5760K,   0% used [0x082e0000, 0x082e0000, 0x08880000)
 tenured generation   total 115660K, used 86069K [0x0faa0000, 0x16b93000, 0x25000000)
   the space 115660K,  74% used [0x0faa0000, 0x14ead458, 0x14ead600, 0x16b93000)
 Metaspace       used 25182K, capacity 25757K, committed 25856K, reserved 25984K
}
Event: 3177.369 GC heap before
{Heap before GC invocations=13 (full 2):
 def new generation   total 52096K, used 48618K [0x05000000, 0x08880000, 0x0faa0000)
  eden space 46336K, 100% used [0x05000000, 0x07d40000, 0x07d40000)
  from space 5760K,  39% used [0x07d40000, 0x07f7aad0, 0x082e0000)
  to   space 5760K,   0% used [0x082e0000, 0x082e0000, 0x08880000)
 tenured generation   total 115660K, used 86069K [0x0faa0000, 0x16b93000, 0x25000000)
   the space 115660K,  74% used [0x0faa0000, 0x14ead458, 0x14ead600, 0x16b93000)
 Metaspace       used 25184K, capacity 25759K, committed 25856K, reserved 25984K
Event: 3177.379 GC heap after
Heap after GC invocations=14 (full 2):
 def new generation   total 52096K, used 3319K [0x05000000, 0x08880000, 0x0faa0000)
  eden space 46336K,   0% used [0x05000000, 0x05000000, 0x07d40000)
  from space 5760K,  57% used [0x082e0000, 0x0861dcb0, 0x08880000)
  to   space 5760K,   0% used [0x07d40000, 0x07d40000, 0x082e0000)
 tenured generation   total 115660K, used 86069K [0x0faa0000, 0x16b93000, 0x25000000)
   the space 115660K,  74% used [0x0faa0000, 0x14ead458, 0x14ead600, 0x16b93000)
 Metaspace       used 25184K, capacity 25759K, committed 25856K, reserved 25984K
}
Event: 4298.833 GC heap before
{Heap before GC invocations=14 (full 2):
 def new generation   total 52096K, used 49655K [0x05000000, 0x08880000, 0x0faa0000)
  eden space 46336K, 100% used [0x05000000, 0x07d40000, 0x07d40000)
  from space 5760K,  57% used [0x082e0000, 0x0861dcb0, 0x08880000)
  to   space 5760K,   0% used [0x07d40000, 0x07d40000, 0x082e0000)
 tenured generation   total 115660K, used 86069K [0x0faa0000, 0x16b93000, 0x25000000)
   the space 115660K,  74% used [0x0faa0000, 0x14ead458, 0x14ead600, 0x16b93000)
 Metaspace       used 25184K, capacity 25759K, committed 25856K, reserved 25984K
Event: 4298.851 GC heap after
Heap after GC invocations=15 (full 2):
 def new generation   total 52096K, used 2151K [0x05000000, 0x08880000, 0x0faa0000)
  eden space 46336K,   0% used [0x05000000, 0x05000000, 0x07d40000)
  from space 5760K,  37% used [0x07d40000, 0x07f59f70, 0x082e0000)
  to   space 5760K,   0% used [0x082e0000, 0x082e0000, 0x08880000)
 tenured generation   total 115660K, used 87377K [0x0faa0000, 0x16b93000, 0x25000000)
   the space 115660K,  75% used [0x0faa0000, 0x14ff4620, 0x14ff4800, 0x16b93000)
 Metaspace       used 25184K, capacity 25759K, committed 25856K, reserved 25984K
}
Event: 5400.849 GC heap before
{Heap before GC invocations=15 (full 2):
 def new generation   total 52096K, used 48487K [0x05000000, 0x08880000, 0x0faa0000)
  eden space 46336K, 100% used [0x05000000, 0x07d40000, 0x07d40000)
  from space 5760K,  37% used [0x07d40000, 0x07f59f70, 0x082e0000)
  to   space 5760K,   0% used [0x082e0000, 0x082e0000, 0x08880000)
 tenured generation   total 115660K, used 87377K [0x0faa0000, 0x16b93000, 0x25000000)
   the space 115660K,  75% used [0x0faa0000, 0x14ff4620, 0x14ff4800, 0x16b93000)
 Metaspace       used 25184K, capacity 25759K, committed 25856K, reserved 25984K
Event: 5400.852 GC heap after
Heap after GC invocations=16 (full 2):
 def new generation   total 52096K, used 2076K [0x05000000, 0x08880000, 0x0faa0000)
  eden space 46336K,   0% used [0x05000000, 0x05000000, 0x07d40000)
  from space 5760K,  36% used [0x082e0000, 0x084e71d8, 0x08880000)
  to   space 5760K,   0% used [0x07d40000, 0x07d40000, 0x082e0000)
 tenured generation   total 115660K, used 87377K [0x0faa0000, 0x16b93000, 0x25000000)
   the space 115660K,  75% used [0x0faa0000, 0x14ff4620, 0x14ff4800, 0x16b93000)
 Metaspace       used 25184K, capacity 25759K, committed 25856K, reserved 25984K
}

